  FirstOpenGLDemo.cpp
C:\Program Files (x86)\Windows Kits\10\Include\10.0.22621.0\shared\minwindef.h(127,1): warning C4005: “CALLBACK”: 宏重定义
  (编译源文件“FirstOpenGLDemo.cpp”)
  D:\OpenGLTemplate\include\GL\glut.h(33,1):
  参见“CALLBACK”的前一个定义
  
D:\OpenGLTemplate\include\GL\freeglut_std.h(123,1): warning C4005: “GLUT_API_VERSION”: 宏重定义
  (编译源文件“FirstOpenGLDemo.cpp”)
  D:\OpenGLTemplate\include\GL\glut.h(94,1):
  参见“GLUT_API_VERSION”的前一个定义
  
D:\OpenGLTemplate\include\GL\freeglut_std.h(150,1): warning C4005: “GLUT_KEY_F1”: 宏重定义
  (编译源文件“FirstOpenGLDemo.cpp”)
  D:\OpenGLTemplate\include\GL\glut.h(162,1):
  参见“GLUT_KEY_F1”的前一个定义
  
D:\OpenGLTemplate\include\GL\freeglut_std.h(151,1): warning C4005: “GLUT_KEY_F2”: 宏重定义
  (编译源文件“FirstOpenGLDemo.cpp”)
  D:\OpenGLTemplate\include\GL\glut.h(163,1):
  参见“GLUT_KEY_F2”的前一个定义
  
D:\OpenGLTemplate\include\GL\freeglut_std.h(152,1): warning C4005: “GLUT_KEY_F3”: 宏重定义
  (编译源文件“FirstOpenGLDemo.cpp”)
  D:\OpenGLTemplate\include\GL\glut.h(164,1):
  参见“GLUT_KEY_F3”的前一个定义
  
D:\OpenGLTemplate\include\GL\freeglut_std.h(153,1): warning C4005: “GLUT_KEY_F4”: 宏重定义
  (编译源文件“FirstOpenGLDemo.cpp”)
  D:\OpenGLTemplate\include\GL\glut.h(165,1):
  参见“GLUT_KEY_F4”的前一个定义
  
D:\OpenGLTemplate\include\GL\freeglut_std.h(154,1): warning C4005: “GLUT_KEY_F5”: 宏重定义
  (编译源文件“FirstOpenGLDemo.cpp”)
  D:\OpenGLTemplate\include\GL\glut.h(166,1):
  参见“GLUT_KEY_F5”的前一个定义
  
D:\OpenGLTemplate\include\GL\freeglut_std.h(155,1): warning C4005: “GLUT_KEY_F6”: 宏重定义
  (编译源文件“FirstOpenGLDemo.cpp”)
  D:\OpenGLTemplate\include\GL\glut.h(167,1):
  参见“GLUT_KEY_F6”的前一个定义
  
D:\OpenGLTemplate\include\GL\freeglut_std.h(156,1): warning C4005: “GLUT_KEY_F7”: 宏重定义
  (编译源文件“FirstOpenGLDemo.cpp”)
  D:\OpenGLTemplate\include\GL\glut.h(168,1):
  参见“GLUT_KEY_F7”的前一个定义
  
D:\OpenGLTemplate\include\GL\freeglut_std.h(157,1): warning C4005: “GLUT_KEY_F8”: 宏重定义
  (编译源文件“FirstOpenGLDemo.cpp”)
  D:\OpenGLTemplate\include\GL\glut.h(169,1):
  参见“GLUT_KEY_F8”的前一个定义
  
D:\OpenGLTemplate\include\GL\freeglut_std.h(158,1): warning C4005: “GLUT_KEY_F9”: 宏重定义
  (编译源文件“FirstOpenGLDemo.cpp”)
  D:\OpenGLTemplate\include\GL\glut.h(170,1):
  参见“GLUT_KEY_F9”的前一个定义
  
D:\OpenGLTemplate\include\GL\freeglut_std.h(159,1): warning C4005: “GLUT_KEY_F10”: 宏重定义
  (编译源文件“FirstOpenGLDemo.cpp”)
  D:\OpenGLTemplate\include\GL\glut.h(171,1):
  参见“GLUT_KEY_F10”的前一个定义
  
D:\OpenGLTemplate\include\GL\freeglut_std.h(160,1): warning C4005: “GLUT_KEY_F11”: 宏重定义
  (编译源文件“FirstOpenGLDemo.cpp”)
  D:\OpenGLTemplate\include\GL\glut.h(172,1):
  参见“GLUT_KEY_F11”的前一个定义
  
D:\OpenGLTemplate\include\GL\freeglut_std.h(161,1): warning C4005: “GLUT_KEY_F12”: 宏重定义
  (编译源文件“FirstOpenGLDemo.cpp”)
  D:\OpenGLTemplate\include\GL\glut.h(173,1):
  参见“GLUT_KEY_F12”的前一个定义
  
D:\OpenGLTemplate\include\GL\freeglut_std.h(162,1): warning C4005: “GLUT_KEY_LEFT”: 宏重定义
  (编译源文件“FirstOpenGLDemo.cpp”)
  D:\OpenGLTemplate\include\GL\glut.h(175,1):
  参见“GLUT_KEY_LEFT”的前一个定义
  
D:\OpenGLTemplate\include\GL\freeglut_std.h(163,1): warning C4005: “GLUT_KEY_UP”: 宏重定义
  (编译源文件“FirstOpenGLDemo.cpp”)
  D:\OpenGLTemplate\include\GL\glut.h(176,1):
  参见“GLUT_KEY_UP”的前一个定义
  
D:\OpenGLTemplate\include\GL\freeglut_std.h(164,1): warning C4005: “GLUT_KEY_RIGHT”: 宏重定义
  (编译源文件“FirstOpenGLDemo.cpp”)
  D:\OpenGLTemplate\include\GL\glut.h(177,1):
  参见“GLUT_KEY_RIGHT”的前一个定义
  
D:\OpenGLTemplate\include\GL\freeglut_std.h(165,1): warning C4005: “GLUT_KEY_DOWN”: 宏重定义
  (编译源文件“FirstOpenGLDemo.cpp”)
  D:\OpenGLTemplate\include\GL\glut.h(178,1):
  参见“GLUT_KEY_DOWN”的前一个定义
  
D:\OpenGLTemplate\include\GL\freeglut_std.h(166,1): warning C4005: “GLUT_KEY_PAGE_UP”: 宏重定义
  (编译源文件“FirstOpenGLDemo.cpp”)
  D:\OpenGLTemplate\include\GL\glut.h(179,1):
  参见“GLUT_KEY_PAGE_UP”的前一个定义
  
D:\OpenGLTemplate\include\GL\freeglut_std.h(167,1): warning C4005: “GLUT_KEY_PAGE_DOWN”: 宏重定义
  (编译源文件“FirstOpenGLDemo.cpp”)
  D:\OpenGLTemplate\include\GL\glut.h(180,1):
  参见“GLUT_KEY_PAGE_DOWN”的前一个定义
  
D:\OpenGLTemplate\include\GL\freeglut_std.h(168,1): warning C4005: “GLUT_KEY_HOME”: 宏重定义
  (编译源文件“FirstOpenGLDemo.cpp”)
  D:\OpenGLTemplate\include\GL\glut.h(181,1):
  参见“GLUT_KEY_HOME”的前一个定义
  
D:\OpenGLTemplate\include\GL\freeglut_std.h(169,1): warning C4005: “GLUT_KEY_END”: 宏重定义
  (编译源文件“FirstOpenGLDemo.cpp”)
  D:\OpenGLTemplate\include\GL\glut.h(182,1):
  参见“GLUT_KEY_END”的前一个定义
  
D:\OpenGLTemplate\include\GL\freeglut_std.h(170,1): warning C4005: “GLUT_KEY_INSERT”: 宏重定义
  (编译源文件“FirstOpenGLDemo.cpp”)
  D:\OpenGLTemplate\include\GL\glut.h(183,1):
  参见“GLUT_KEY_INSERT”的前一个定义
  
D:\OpenGLTemplate\include\GL\freeglut_std.h(175,1): warning C4005: “GLUT_LEFT_BUTTON”: 宏重定义
  (编译源文件“FirstOpenGLDemo.cpp”)
  D:\OpenGLTemplate\include\GL\glut.h(152,1):
  参见“GLUT_LEFT_BUTTON”的前一个定义
  
D:\OpenGLTemplate\include\GL\freeglut_std.h(176,1): warning C4005: “GLUT_MIDDLE_BUTTON”: 宏重定义
  (编译源文件“FirstOpenGLDemo.cpp”)
  D:\OpenGLTemplate\include\GL\glut.h(153,1):
  参见“GLUT_MIDDLE_BUTTON”的前一个定义
  
D:\OpenGLTemplate\include\GL\freeglut_std.h(177,1): warning C4005: “GLUT_RIGHT_BUTTON”: 宏重定义
  (编译源文件“FirstOpenGLDemo.cpp”)
  D:\OpenGLTemplate\include\GL\glut.h(154,1):
  参见“GLUT_RIGHT_BUTTON”的前一个定义
  
D:\OpenGLTemplate\include\GL\freeglut_std.h(178,1): warning C4005: “GLUT_DOWN”: 宏重定义
  (编译源文件“FirstOpenGLDemo.cpp”)
  D:\OpenGLTemplate\include\GL\glut.h(157,1):
  参见“GLUT_DOWN”的前一个定义
  
D:\OpenGLTemplate\include\GL\freeglut_std.h(179,1): warning C4005: “GLUT_UP”: 宏重定义
  (编译源文件“FirstOpenGLDemo.cpp”)
  D:\OpenGLTemplate\include\GL\glut.h(158,1):
  参见“GLUT_UP”的前一个定义
  
D:\OpenGLTemplate\include\GL\freeglut_std.h(180,1): warning C4005: “GLUT_LEFT”: 宏重定义
  (编译源文件“FirstOpenGLDemo.cpp”)
  D:\OpenGLTemplate\include\GL\glut.h(187,1):
  参见“GLUT_LEFT”的前一个定义
  
D:\OpenGLTemplate\include\GL\freeglut_std.h(181,1): warning C4005: “GLUT_ENTERED”: 宏重定义
  (编译源文件“FirstOpenGLDemo.cpp”)
  D:\OpenGLTemplate\include\GL\glut.h(188,1):
  参见“GLUT_ENTERED”的前一个定义
  
D:\OpenGLTemplate\include\GL\freeglut_std.h(186,1): warning C4005: “GLUT_RGB”: 宏重定义
  (编译源文件“FirstOpenGLDemo.cpp”)
  D:\OpenGLTemplate\include\GL\glut.h(134,1):
  参见“GLUT_RGB”的前一个定义
  
D:\OpenGLTemplate\include\GL\freeglut_std.h(187,1): warning C4005: “GLUT_RGBA”: 宏重定义
  (编译源文件“FirstOpenGLDemo.cpp”)
  D:\OpenGLTemplate\include\GL\glut.h(135,1):
  参见“GLUT_RGBA”的前一个定义
  
D:\OpenGLTemplate\include\GL\freeglut_std.h(188,1): warning C4005: “GLUT_INDEX”: 宏重定义
  (编译源文件“FirstOpenGLDemo.cpp”)
  D:\OpenGLTemplate\include\GL\glut.h(136,1):
  参见“GLUT_INDEX”的前一个定义
  
D:\OpenGLTemplate\include\GL\freeglut_std.h(189,1): warning C4005: “GLUT_SINGLE”: 宏重定义
  (编译源文件“FirstOpenGLDemo.cpp”)
  D:\OpenGLTemplate\include\GL\glut.h(137,1):
  参见“GLUT_SINGLE”的前一个定义
  
D:\OpenGLTemplate\include\GL\freeglut_std.h(190,1): warning C4005: “GLUT_DOUBLE”: 宏重定义
  (编译源文件“FirstOpenGLDemo.cpp”)
  D:\OpenGLTemplate\include\GL\glut.h(138,1):
  参见“GLUT_DOUBLE”的前一个定义
  
D:\OpenGLTemplate\include\GL\freeglut_std.h(191,1): warning C4005: “GLUT_ACCUM”: 宏重定义
  (编译源文件“FirstOpenGLDemo.cpp”)
  D:\OpenGLTemplate\include\GL\glut.h(139,1):
  参见“GLUT_ACCUM”的前一个定义
  
D:\OpenGLTemplate\include\GL\freeglut_std.h(192,1): warning C4005: “GLUT_ALPHA”: 宏重定义
  (编译源文件“FirstOpenGLDemo.cpp”)
  D:\OpenGLTemplate\include\GL\glut.h(140,1):
  参见“GLUT_ALPHA”的前一个定义
  
D:\OpenGLTemplate\include\GL\freeglut_std.h(193,1): warning C4005: “GLUT_DEPTH”: 宏重定义
  (编译源文件“FirstOpenGLDemo.cpp”)
  D:\OpenGLTemplate\include\GL\glut.h(141,1):
  参见“GLUT_DEPTH”的前一个定义
  
D:\OpenGLTemplate\include\GL\freeglut_std.h(194,1): warning C4005: “GLUT_STENCIL”: 宏重定义
  (编译源文件“FirstOpenGLDemo.cpp”)
  D:\OpenGLTemplate\include\GL\glut.h(142,1):
  参见“GLUT_STENCIL”的前一个定义
  
D:\OpenGLTemplate\include\GL\freeglut_std.h(195,1): warning C4005: “GLUT_MULTISAMPLE”: 宏重定义
  (编译源文件“FirstOpenGLDemo.cpp”)
  D:\OpenGLTemplate\include\GL\glut.h(144,1):
  参见“GLUT_MULTISAMPLE”的前一个定义
  
D:\OpenGLTemplate\include\GL\freeglut_std.h(196,1): warning C4005: “GLUT_STEREO”: 宏重定义
  (编译源文件“FirstOpenGLDemo.cpp”)
  D:\OpenGLTemplate\include\GL\glut.h(145,1):
  参见“GLUT_STEREO”的前一个定义
  
D:\OpenGLTemplate\include\GL\freeglut_std.h(197,1): warning C4005: “GLUT_LUMINANCE”: 宏重定义
  (编译源文件“FirstOpenGLDemo.cpp”)
  D:\OpenGLTemplate\include\GL\glut.h(148,1):
  参见“GLUT_LUMINANCE”的前一个定义
  
D:\OpenGLTemplate\include\GL\freeglut_std.h(202,1): warning C4005: “GLUT_MENU_NOT_IN_USE”: 宏重定义
  (编译源文件“FirstOpenGLDemo.cpp”)
  D:\OpenGLTemplate\include\GL\glut.h(191,1):
  参见“GLUT_MENU_NOT_IN_USE”的前一个定义
  
D:\OpenGLTemplate\include\GL\freeglut_std.h(203,1): warning C4005: “GLUT_MENU_IN_USE”: 宏重定义
  (编译源文件“FirstOpenGLDemo.cpp”)
  D:\OpenGLTemplate\include\GL\glut.h(192,1):
  参见“GLUT_MENU_IN_USE”的前一个定义
  
D:\OpenGLTemplate\include\GL\freeglut_std.h(204,1): warning C4005: “GLUT_NOT_VISIBLE”: 宏重定义
  (编译源文件“FirstOpenGLDemo.cpp”)
  D:\OpenGLTemplate\include\GL\glut.h(195,1):
  参见“GLUT_NOT_VISIBLE”的前一个定义
  
D:\OpenGLTemplate\include\GL\freeglut_std.h(205,1): warning C4005: “GLUT_VISIBLE”: 宏重定义
  (编译源文件“FirstOpenGLDemo.cpp”)
  D:\OpenGLTemplate\include\GL\glut.h(196,1):
  参见“GLUT_VISIBLE”的前一个定义
  
D:\OpenGLTemplate\include\GL\freeglut_std.h(206,1): warning C4005: “GLUT_HIDDEN”: 宏重定义
  (编译源文件“FirstOpenGLDemo.cpp”)
  D:\OpenGLTemplate\include\GL\glut.h(199,1):
  参见“GLUT_HIDDEN”的前一个定义
  
D:\OpenGLTemplate\include\GL\freeglut_std.h(207,1): warning C4005: “GLUT_FULLY_RETAINED”: 宏重定义
  (编译源文件“FirstOpenGLDemo.cpp”)
  D:\OpenGLTemplate\include\GL\glut.h(200,1):
  参见“GLUT_FULLY_RETAINED”的前一个定义
  
D:\OpenGLTemplate\include\GL\freeglut_std.h(208,1): warning C4005: “GLUT_PARTIALLY_RETAINED”: 宏重定义
  (编译源文件“FirstOpenGLDemo.cpp”)
  D:\OpenGLTemplate\include\GL\glut.h(201,1):
  参见“GLUT_PARTIALLY_RETAINED”的前一个定义
  
D:\OpenGLTemplate\include\GL\freeglut_std.h(209,1): warning C4005: “GLUT_FULLY_COVERED”: 宏重定义
  (编译源文件“FirstOpenGLDemo.cpp”)
  D:\OpenGLTemplate\include\GL\glut.h(202,1):
  参见“GLUT_FULLY_COVERED”的前一个定义
  
D:\OpenGLTemplate\include\GL\freeglut_std.h(217,1): warning C4005: “GLUT_STROKE_ROMAN”: 宏重定义
  (编译源文件“FirstOpenGLDemo.cpp”)
  D:\OpenGLTemplate\include\GL\glut.h(215,1):
  参见“GLUT_STROKE_ROMAN”的前一个定义
  
D:\OpenGLTemplate\include\GL\freeglut_std.h(218,1): warning C4005: “GLUT_STROKE_MONO_ROMAN”: 宏重定义
  (编译源文件“FirstOpenGLDemo.cpp”)
  D:\OpenGLTemplate\include\GL\glut.h(216,1):
  参见“GLUT_STROKE_MONO_ROMAN”的前一个定义
  
D:\OpenGLTemplate\include\GL\freeglut_std.h(219,1): warning C4005: “GLUT_BITMAP_9_BY_15”: 宏重定义
  (编译源文件“FirstOpenGLDemo.cpp”)
  D:\OpenGLTemplate\include\GL\glut.h(219,1):
  参见“GLUT_BITMAP_9_BY_15”的前一个定义
  
D:\OpenGLTemplate\include\GL\freeglut_std.h(220,1): warning C4005: “GLUT_BITMAP_8_BY_13”: 宏重定义
  (编译源文件“FirstOpenGLDemo.cpp”)
  D:\OpenGLTemplate\include\GL\glut.h(220,1):
  参见“GLUT_BITMAP_8_BY_13”的前一个定义
  
D:\OpenGLTemplate\include\GL\freeglut_std.h(221,1): warning C4005: “GLUT_BITMAP_TIMES_ROMAN_10”: 宏重定义
  (编译源文件“FirstOpenGLDemo.cpp”)
  D:\OpenGLTemplate\include\GL\glut.h(221,1):
  参见“GLUT_BITMAP_TIMES_ROMAN_10”的前一个定义
  
D:\OpenGLTemplate\include\GL\freeglut_std.h(222,1): warning C4005: “GLUT_BITMAP_TIMES_ROMAN_24”: 宏重定义
  (编译源文件“FirstOpenGLDemo.cpp”)
  D:\OpenGLTemplate\include\GL\glut.h(222,1):
  参见“GLUT_BITMAP_TIMES_ROMAN_24”的前一个定义
  
D:\OpenGLTemplate\include\GL\freeglut_std.h(223,1): warning C4005: “GLUT_BITMAP_HELVETICA_10”: 宏重定义
  (编译源文件“FirstOpenGLDemo.cpp”)
  D:\OpenGLTemplate\include\GL\glut.h(224,1):
  参见“GLUT_BITMAP_HELVETICA_10”的前一个定义
  
D:\OpenGLTemplate\include\GL\freeglut_std.h(224,1): warning C4005: “GLUT_BITMAP_HELVETICA_12”: 宏重定义
  (编译源文件“FirstOpenGLDemo.cpp”)
  D:\OpenGLTemplate\include\GL\glut.h(225,1):
  参见“GLUT_BITMAP_HELVETICA_12”的前一个定义
  
D:\OpenGLTemplate\include\GL\freeglut_std.h(225,1): warning C4005: “GLUT_BITMAP_HELVETICA_18”: 宏重定义
  (编译源文件“FirstOpenGLDemo.cpp”)
  D:\OpenGLTemplate\include\GL\glut.h(226,1):
  参见“GLUT_BITMAP_HELVETICA_18”的前一个定义
  
D:\OpenGLTemplate\include\GL\freeglut_std.h(257,1): warning C4005: “GLUT_WINDOW_X”: 宏重定义
  (编译源文件“FirstOpenGLDemo.cpp”)
  D:\OpenGLTemplate\include\GL\glut.h(259,1):
  参见“GLUT_WINDOW_X”的前一个定义
  
D:\OpenGLTemplate\include\GL\freeglut_std.h(258,1): warning C4005: “GLUT_WINDOW_Y”: 宏重定义
  (编译源文件“FirstOpenGLDemo.cpp”)
  D:\OpenGLTemplate\include\GL\glut.h(260,1):
  参见“GLUT_WINDOW_Y”的前一个定义
  
D:\OpenGLTemplate\include\GL\freeglut_std.h(259,1): warning C4005: “GLUT_WINDOW_WIDTH”: 宏重定义
  (编译源文件“FirstOpenGLDemo.cpp”)
  D:\OpenGLTemplate\include\GL\glut.h(261,1):
  参见“GLUT_WINDOW_WIDTH”的前一个定义
  
D:\OpenGLTemplate\include\GL\freeglut_std.h(260,1): warning C4005: “GLUT_WINDOW_HEIGHT”: 宏重定义
  (编译源文件“FirstOpenGLDemo.cpp”)
  D:\OpenGLTemplate\include\GL\glut.h(262,1):
  参见“GLUT_WINDOW_HEIGHT”的前一个定义
  
D:\OpenGLTemplate\include\GL\freeglut_std.h(261,1): warning C4005: “GLUT_WINDOW_BUFFER_SIZE”: 宏重定义
  (编译源文件“FirstOpenGLDemo.cpp”)
  D:\OpenGLTemplate\include\GL\glut.h(263,1):
  参见“GLUT_WINDOW_BUFFER_SIZE”的前一个定义
  
D:\OpenGLTemplate\include\GL\freeglut_std.h(262,1): warning C4005: “GLUT_WINDOW_STENCIL_SIZE”: 宏重定义
  (编译源文件“FirstOpenGLDemo.cpp”)
  D:\OpenGLTemplate\include\GL\glut.h(264,1):
  参见“GLUT_WINDOW_STENCIL_SIZE”的前一个定义
  
D:\OpenGLTemplate\include\GL\freeglut_std.h(263,1): warning C4005: “GLUT_WINDOW_DEPTH_SIZE”: 宏重定义
  (编译源文件“FirstOpenGLDemo.cpp”)
  D:\OpenGLTemplate\include\GL\glut.h(265,1):
  参见“GLUT_WINDOW_DEPTH_SIZE”的前一个定义
  
D:\OpenGLTemplate\include\GL\freeglut_std.h(264,1): warning C4005: “GLUT_WINDOW_RED_SIZE”: 宏重定义
  (编译源文件“FirstOpenGLDemo.cpp”)
  D:\OpenGLTemplate\include\GL\glut.h(266,1):
  参见“GLUT_WINDOW_RED_SIZE”的前一个定义
  
D:\OpenGLTemplate\include\GL\freeglut_std.h(265,1): warning C4005: “GLUT_WINDOW_GREEN_SIZE”: 宏重定义
  (编译源文件“FirstOpenGLDemo.cpp”)
  D:\OpenGLTemplate\include\GL\glut.h(267,1):
  参见“GLUT_WINDOW_GREEN_SIZE”的前一个定义
  
D:\OpenGLTemplate\include\GL\freeglut_std.h(266,1): warning C4005: “GLUT_WINDOW_BLUE_SIZE”: 宏重定义
  (编译源文件“FirstOpenGLDemo.cpp”)
  D:\OpenGLTemplate\include\GL\glut.h(268,1):
  参见“GLUT_WINDOW_BLUE_SIZE”的前一个定义
  
D:\OpenGLTemplate\include\GL\freeglut_std.h(267,1): warning C4005: “GLUT_WINDOW_ALPHA_SIZE”: 宏重定义
  (编译源文件“FirstOpenGLDemo.cpp”)
  D:\OpenGLTemplate\include\GL\glut.h(269,1):
  参见“GLUT_WINDOW_ALPHA_SIZE”的前一个定义
  
D:\OpenGLTemplate\include\GL\freeglut_std.h(268,1): warning C4005: “GLUT_WINDOW_ACCUM_RED_SIZE”: 宏重定义
  (编译源文件“FirstOpenGLDemo.cpp”)
  D:\OpenGLTemplate\include\GL\glut.h(270,1):
  参见“GLUT_WINDOW_ACCUM_RED_SIZE”的前一个定义
  
D:\OpenGLTemplate\include\GL\freeglut_std.h(269,1): warning C4005: “GLUT_WINDOW_ACCUM_GREEN_SIZE”: 宏重定义
  (编译源文件“FirstOpenGLDemo.cpp”)
  D:\OpenGLTemplate\include\GL\glut.h(271,1):
  参见“GLUT_WINDOW_ACCUM_GREEN_SIZE”的前一个定义
  
D:\OpenGLTemplate\include\GL\freeglut_std.h(270,1): warning C4005: “GLUT_WINDOW_ACCUM_BLUE_SIZE”: 宏重定义
  (编译源文件“FirstOpenGLDemo.cpp”)
  D:\OpenGLTemplate\include\GL\glut.h(272,1):
  参见“GLUT_WINDOW_ACCUM_BLUE_SIZE”的前一个定义
  
D:\OpenGLTemplate\include\GL\freeglut_std.h(271,1): warning C4005: “GLUT_WINDOW_ACCUM_ALPHA_SIZE”: 宏重定义
  (编译源文件“FirstOpenGLDemo.cpp”)
  D:\OpenGLTemplate\include\GL\glut.h(273,1):
  参见“GLUT_WINDOW_ACCUM_ALPHA_SIZE”的前一个定义
  
D:\OpenGLTemplate\include\GL\freeglut_std.h(272,1): warning C4005: “GLUT_WINDOW_DOUBLEBUFFER”: 宏重定义
  (编译源文件“FirstOpenGLDemo.cpp”)
  D:\OpenGLTemplate\include\GL\glut.h(274,1):
  参见“GLUT_WINDOW_DOUBLEBUFFER”的前一个定义
  
D:\OpenGLTemplate\include\GL\freeglut_std.h(273,1): warning C4005: “GLUT_WINDOW_RGBA”: 宏重定义
  (编译源文件“FirstOpenGLDemo.cpp”)
  D:\OpenGLTemplate\include\GL\glut.h(275,1):
  参见“GLUT_WINDOW_RGBA”的前一个定义
  
D:\OpenGLTemplate\include\GL\freeglut_std.h(274,1): warning C4005: “GLUT_WINDOW_PARENT”: 宏重定义
  (编译源文件“FirstOpenGLDemo.cpp”)
  D:\OpenGLTemplate\include\GL\glut.h(276,1):
  参见“GLUT_WINDOW_PARENT”的前一个定义
  
D:\OpenGLTemplate\include\GL\freeglut_std.h(275,1): warning C4005: “GLUT_WINDOW_NUM_CHILDREN”: 宏重定义
  (编译源文件“FirstOpenGLDemo.cpp”)
  D:\OpenGLTemplate\include\GL\glut.h(277,1):
  参见“GLUT_WINDOW_NUM_CHILDREN”的前一个定义
  
D:\OpenGLTemplate\include\GL\freeglut_std.h(276,1): warning C4005: “GLUT_WINDOW_COLORMAP_SIZE”: 宏重定义
  (编译源文件“FirstOpenGLDemo.cpp”)
  D:\OpenGLTemplate\include\GL\glut.h(278,1):
  参见“GLUT_WINDOW_COLORMAP_SIZE”的前一个定义
  
D:\OpenGLTemplate\include\GL\freeglut_std.h(277,1): warning C4005: “GLUT_WINDOW_NUM_SAMPLES”: 宏重定义
  (编译源文件“FirstOpenGLDemo.cpp”)
  D:\OpenGLTemplate\include\GL\glut.h(280,1):
  参见“GLUT_WINDOW_NUM_SAMPLES”的前一个定义
  
D:\OpenGLTemplate\include\GL\freeglut_std.h(278,1): warning C4005: “GLUT_WINDOW_STEREO”: 宏重定义
  (编译源文件“FirstOpenGLDemo.cpp”)
  D:\OpenGLTemplate\include\GL\glut.h(281,1):
  参见“GLUT_WINDOW_STEREO”的前一个定义
  
D:\OpenGLTemplate\include\GL\freeglut_std.h(279,1): warning C4005: “GLUT_WINDOW_CURSOR”: 宏重定义
  (编译源文件“FirstOpenGLDemo.cpp”)
  D:\OpenGLTemplate\include\GL\glut.h(284,1):
  参见“GLUT_WINDOW_CURSOR”的前一个定义
  
D:\OpenGLTemplate\include\GL\freeglut_std.h(281,1): warning C4005: “GLUT_SCREEN_WIDTH”: 宏重定义
  (编译源文件“FirstOpenGLDemo.cpp”)
  D:\OpenGLTemplate\include\GL\glut.h(286,1):
  参见“GLUT_SCREEN_WIDTH”的前一个定义
  
D:\OpenGLTemplate\include\GL\freeglut_std.h(282,1): warning C4005: “GLUT_SCREEN_HEIGHT”: 宏重定义
  (编译源文件“FirstOpenGLDemo.cpp”)
  D:\OpenGLTemplate\include\GL\glut.h(287,1):
  参见“GLUT_SCREEN_HEIGHT”的前一个定义
  
D:\OpenGLTemplate\include\GL\freeglut_std.h(283,1): warning C4005: “GLUT_SCREEN_WIDTH_MM”: 宏重定义
  (编译源文件“FirstOpenGLDemo.cpp”)
  D:\OpenGLTemplate\include\GL\glut.h(288,1):
  参见“GLUT_SCREEN_WIDTH_MM”的前一个定义
  
D:\OpenGLTemplate\include\GL\freeglut_std.h(284,1): warning C4005: “GLUT_SCREEN_HEIGHT_MM”: 宏重定义
  (编译源文件“FirstOpenGLDemo.cpp”)
  D:\OpenGLTemplate\include\GL\glut.h(289,1):
  参见“GLUT_SCREEN_HEIGHT_MM”的前一个定义
  
D:\OpenGLTemplate\include\GL\freeglut_std.h(285,1): warning C4005: “GLUT_MENU_NUM_ITEMS”: 宏重定义
  (编译源文件“FirstOpenGLDemo.cpp”)
  D:\OpenGLTemplate\include\GL\glut.h(290,1):
  参见“GLUT_MENU_NUM_ITEMS”的前一个定义
  
D:\OpenGLTemplate\include\GL\freeglut_std.h(286,1): warning C4005: “GLUT_DISPLAY_MODE_POSSIBLE”: 宏重定义
  (编译源文件“FirstOpenGLDemo.cpp”)
  D:\OpenGLTemplate\include\GL\glut.h(291,1):
  参见“GLUT_DISPLAY_MODE_POSSIBLE”的前一个定义
  
D:\OpenGLTemplate\include\GL\freeglut_std.h(287,1): warning C4005: “GLUT_INIT_WINDOW_X”: 宏重定义
  (编译源文件“FirstOpenGLDemo.cpp”)
  D:\OpenGLTemplate\include\GL\glut.h(292,1):
  参见“GLUT_INIT_WINDOW_X”的前一个定义
  
D:\OpenGLTemplate\include\GL\freeglut_std.h(288,1): warning C4005: “GLUT_INIT_WINDOW_Y”: 宏重定义
  (编译源文件“FirstOpenGLDemo.cpp”)
  D:\OpenGLTemplate\include\GL\glut.h(293,1):
  参见“GLUT_INIT_WINDOW_Y”的前一个定义
  
D:\OpenGLTemplate\include\GL\freeglut_std.h(289,1): warning C4005: “GLUT_INIT_WINDOW_WIDTH”: 宏重定义
  (编译源文件“FirstOpenGLDemo.cpp”)
  D:\OpenGLTemplate\include\GL\glut.h(294,1):
  参见“GLUT_INIT_WINDOW_WIDTH”的前一个定义
  
D:\OpenGLTemplate\include\GL\freeglut_std.h(290,1): warning C4005: “GLUT_INIT_WINDOW_HEIGHT”: 宏重定义
  (编译源文件“FirstOpenGLDemo.cpp”)
  D:\OpenGLTemplate\include\GL\glut.h(295,1):
  参见“GLUT_INIT_WINDOW_HEIGHT”的前一个定义
  
D:\OpenGLTemplate\include\GL\freeglut_std.h(291,1): warning C4005: “GLUT_INIT_DISPLAY_MODE”: 宏重定义
  (编译源文件“FirstOpenGLDemo.cpp”)
  D:\OpenGLTemplate\include\GL\glut.h(296,1):
  参见“GLUT_INIT_DISPLAY_MODE”的前一个定义
  
D:\OpenGLTemplate\include\GL\freeglut_std.h(292,1): warning C4005: “GLUT_ELAPSED_TIME”: 宏重定义
  (编译源文件“FirstOpenGLDemo.cpp”)
  D:\OpenGLTemplate\include\GL\glut.h(298,1):
  参见“GLUT_ELAPSED_TIME”的前一个定义
  
D:\OpenGLTemplate\include\GL\freeglut_std.h(293,1): warning C4005: “GLUT_WINDOW_FORMAT_ID”: 宏重定义
  (编译源文件“FirstOpenGLDemo.cpp”)
  D:\OpenGLTemplate\include\GL\glut.h(301,1):
  参见“GLUT_WINDOW_FORMAT_ID”的前一个定义
  
D:\OpenGLTemplate\include\GL\freeglut_std.h(298,1): warning C4005: “GLUT_HAS_KEYBOARD”: 宏重定义
  (编译源文件“FirstOpenGLDemo.cpp”)
  D:\OpenGLTemplate\include\GL\glut.h(306,1):
  参见“GLUT_HAS_KEYBOARD”的前一个定义
  
D:\OpenGLTemplate\include\GL\freeglut_std.h(299,1): warning C4005: “GLUT_HAS_MOUSE”: 宏重定义
  (编译源文件“FirstOpenGLDemo.cpp”)
  D:\OpenGLTemplate\include\GL\glut.h(307,1):
  参见“GLUT_HAS_MOUSE”的前一个定义
  
D:\OpenGLTemplate\include\GL\freeglut_std.h(300,1): warning C4005: “GLUT_HAS_SPACEBALL”: 宏重定义
  (编译源文件“FirstOpenGLDemo.cpp”)
  D:\OpenGLTemplate\include\GL\glut.h(308,1):
  参见“GLUT_HAS_SPACEBALL”的前一个定义
  
D:\OpenGLTemplate\include\GL\freeglut_std.h(301,1): warning C4005: “GLUT_HAS_DIAL_AND_BUTTON_BOX”: 宏重定义
  (编译源文件“FirstOpenGLDemo.cpp”)
  D:\OpenGLTemplate\include\GL\glut.h(309,1):
  参见“GLUT_HAS_DIAL_AND_BUTTON_BOX”的前一个定义
  
D:\OpenGLTemplate\include\GL\freeglut_std.h(302,1): warning C4005: “GLUT_HAS_TABLET”: 宏重定义
  (编译源文件“FirstOpenGLDemo.cpp”)
  D:\OpenGLTemplate\include\GL\glut.h(310,1):
  参见“GLUT_HAS_TABLET”的前一个定义
  
D:\OpenGLTemplate\include\GL\freeglut_std.h(303,1): warning C4005: “GLUT_NUM_MOUSE_BUTTONS”: 宏重定义
  (编译源文件“FirstOpenGLDemo.cpp”)
  D:\OpenGLTemplate\include\GL\glut.h(311,1):
  参见“GLUT_NUM_MOUSE_BUTTONS”的前一个定义
  
D:\OpenGLTemplate\include\GL\freeglut_std.h(304,1): warning C4005: “GLUT_NUM_SPACEBALL_BUTTONS”: 宏重定义
  (编译源文件“FirstOpenGLDemo.cpp”)
  D:\OpenGLTemplate\include\GL\glut.h(312,1):
  参见“GLUT_NUM_SPACEBALL_BUTTONS”的前一个定义
  
D:\OpenGLTemplate\include\GL\freeglut_std.h(305,1): warning C4005: “GLUT_NUM_BUTTON_BOX_BUTTONS”: 宏重定义
  (编译源文件“FirstOpenGLDemo.cpp”)
  D:\OpenGLTemplate\include\GL\glut.h(313,1):
  参见“GLUT_NUM_BUTTON_BOX_BUTTONS”的前一个定义
  
D:\OpenGLTemplate\include\GL\freeglut_std.h(306,1): warning C4005: “GLUT_NUM_DIALS”: 宏重定义
  (编译源文件“FirstOpenGLDemo.cpp”)
  D:\OpenGLTemplate\include\GL\glut.h(314,1):
  参见“GLUT_NUM_DIALS”的前一个定义
  
D:\OpenGLTemplate\include\GL\freeglut_std.h(307,1): warning C4005: “GLUT_NUM_TABLET_BUTTONS”: 宏重定义
  (编译源文件“FirstOpenGLDemo.cpp”)
  D:\OpenGLTemplate\include\GL\glut.h(315,1):
  参见“GLUT_NUM_TABLET_BUTTONS”的前一个定义
  
D:\OpenGLTemplate\include\GL\freeglut_std.h(308,1): warning C4005: “GLUT_DEVICE_IGNORE_KEY_REPEAT”: 宏重定义
  (编译源文件“FirstOpenGLDemo.cpp”)
  D:\OpenGLTemplate\include\GL\glut.h(318,1):
  参见“GLUT_DEVICE_IGNORE_KEY_REPEAT”的前一个定义
  
D:\OpenGLTemplate\include\GL\freeglut_std.h(309,1): warning C4005: “GLUT_DEVICE_KEY_REPEAT”: 宏重定义
  (编译源文件“FirstOpenGLDemo.cpp”)
  D:\OpenGLTemplate\include\GL\glut.h(319,1):
  参见“GLUT_DEVICE_KEY_REPEAT”的前一个定义
  
D:\OpenGLTemplate\include\GL\freeglut_std.h(310,1): warning C4005: “GLUT_HAS_JOYSTICK”: 宏重定义
  (编译源文件“FirstOpenGLDemo.cpp”)
  D:\OpenGLTemplate\include\GL\glut.h(320,1):
  参见“GLUT_HAS_JOYSTICK”的前一个定义
  
D:\OpenGLTemplate\include\GL\freeglut_std.h(311,1): warning C4005: “GLUT_OWNS_JOYSTICK”: 宏重定义
  (编译源文件“FirstOpenGLDemo.cpp”)
  D:\OpenGLTemplate\include\GL\glut.h(321,1):
  参见“GLUT_OWNS_JOYSTICK”的前一个定义
  
D:\OpenGLTemplate\include\GL\freeglut_std.h(312,1): warning C4005: “GLUT_JOYSTICK_BUTTONS”: 宏重定义
  (编译源文件“FirstOpenGLDemo.cpp”)
  D:\OpenGLTemplate\include\GL\glut.h(322,1):
  参见“GLUT_JOYSTICK_BUTTONS”的前一个定义
  
D:\OpenGLTemplate\include\GL\freeglut_std.h(313,1): warning C4005: “GLUT_JOYSTICK_AXES”: 宏重定义
  (编译源文件“FirstOpenGLDemo.cpp”)
  D:\OpenGLTemplate\include\GL\glut.h(323,1):
  参见“GLUT_JOYSTICK_AXES”的前一个定义
  
D:\OpenGLTemplate\include\GL\freeglut_std.h(314,1): warning C4005: “GLUT_JOYSTICK_POLL_RATE”: 宏重定义
  (编译源文件“FirstOpenGLDemo.cpp”)
  D:\OpenGLTemplate\include\GL\glut.h(324,1):
  参见“GLUT_JOYSTICK_POLL_RATE”的前一个定义
  
D:\OpenGLTemplate\include\GL\freeglut_std.h(319,1): warning C4005: “GLUT_OVERLAY_POSSIBLE”: 宏重定义
  (编译源文件“FirstOpenGLDemo.cpp”)
  D:\OpenGLTemplate\include\GL\glut.h(329,1):
  参见“GLUT_OVERLAY_POSSIBLE”的前一个定义
  
D:\OpenGLTemplate\include\GL\freeglut_std.h(320,1): warning C4005: “GLUT_LAYER_IN_USE”: 宏重定义
  (编译源文件“FirstOpenGLDemo.cpp”)
  D:\OpenGLTemplate\include\GL\glut.h(330,1):
  参见“GLUT_LAYER_IN_USE”的前一个定义
  
D:\OpenGLTemplate\include\GL\freeglut_std.h(321,1): warning C4005: “GLUT_HAS_OVERLAY”: 宏重定义
  (编译源文件“FirstOpenGLDemo.cpp”)
  D:\OpenGLTemplate\include\GL\glut.h(331,1):
  参见“GLUT_HAS_OVERLAY”的前一个定义
  
D:\OpenGLTemplate\include\GL\freeglut_std.h(322,1): warning C4005: “GLUT_TRANSPARENT_INDEX”: 宏重定义
  (编译源文件“FirstOpenGLDemo.cpp”)
  D:\OpenGLTemplate\include\GL\glut.h(332,1):
  参见“GLUT_TRANSPARENT_INDEX”的前一个定义
  
D:\OpenGLTemplate\include\GL\freeglut_std.h(323,1): warning C4005: “GLUT_NORMAL_DAMAGED”: 宏重定义
  (编译源文件“FirstOpenGLDemo.cpp”)
  D:\OpenGLTemplate\include\GL\glut.h(333,1):
  参见“GLUT_NORMAL_DAMAGED”的前一个定义
  
D:\OpenGLTemplate\include\GL\freeglut_std.h(324,1): warning C4005: “GLUT_OVERLAY_DAMAGED”: 宏重定义
  (编译源文件“FirstOpenGLDemo.cpp”)
  D:\OpenGLTemplate\include\GL\glut.h(334,1):
  参见“GLUT_OVERLAY_DAMAGED”的前一个定义
  
D:\OpenGLTemplate\include\GL\freeglut_std.h(329,1): warning C4005: “GLUT_VIDEO_RESIZE_POSSIBLE”: 宏重定义
  (编译源文件“FirstOpenGLDemo.cpp”)
  D:\OpenGLTemplate\include\GL\glut.h(338,1):
  参见“GLUT_VIDEO_RESIZE_POSSIBLE”的前一个定义
  
D:\OpenGLTemplate\include\GL\freeglut_std.h(330,1): warning C4005: “GLUT_VIDEO_RESIZE_IN_USE”: 宏重定义
  (编译源文件“FirstOpenGLDemo.cpp”)
  D:\OpenGLTemplate\include\GL\glut.h(339,1):
  参见“GLUT_VIDEO_RESIZE_IN_USE”的前一个定义
  
D:\OpenGLTemplate\include\GL\freeglut_std.h(331,1): warning C4005: “GLUT_VIDEO_RESIZE_X_DELTA”: 宏重定义
  (编译源文件“FirstOpenGLDemo.cpp”)
  D:\OpenGLTemplate\include\GL\glut.h(340,1):
  参见“GLUT_VIDEO_RESIZE_X_DELTA”的前一个定义
  
D:\OpenGLTemplate\include\GL\freeglut_std.h(332,1): warning C4005: “GLUT_VIDEO_RESIZE_Y_DELTA”: 宏重定义
  (编译源文件“FirstOpenGLDemo.cpp”)
  D:\OpenGLTemplate\include\GL\glut.h(341,1):
  参见“GLUT_VIDEO_RESIZE_Y_DELTA”的前一个定义
  
D:\OpenGLTemplate\include\GL\freeglut_std.h(333,1): warning C4005: “GLUT_VIDEO_RESIZE_WIDTH_DELTA”: 宏重定义
  (编译源文件“FirstOpenGLDemo.cpp”)
  D:\OpenGLTemplate\include\GL\glut.h(342,1):
  参见“GLUT_VIDEO_RESIZE_WIDTH_DELTA”的前一个定义
  
D:\OpenGLTemplate\include\GL\freeglut_std.h(334,1): warning C4005: “GLUT_VIDEO_RESIZE_HEIGHT_DELTA”: 宏重定义
  (编译源文件“FirstOpenGLDemo.cpp”)
  D:\OpenGLTemplate\include\GL\glut.h(343,1):
  参见“GLUT_VIDEO_RESIZE_HEIGHT_DELTA”的前一个定义
  
D:\OpenGLTemplate\include\GL\freeglut_std.h(335,1): warning C4005: “GLUT_VIDEO_RESIZE_X”: 宏重定义
  (编译源文件“FirstOpenGLDemo.cpp”)
  D:\OpenGLTemplate\include\GL\glut.h(344,1):
  参见“GLUT_VIDEO_RESIZE_X”的前一个定义
  
D:\OpenGLTemplate\include\GL\freeglut_std.h(336,1): warning C4005: “GLUT_VIDEO_RESIZE_Y”: 宏重定义
  (编译源文件“FirstOpenGLDemo.cpp”)
  D:\OpenGLTemplate\include\GL\glut.h(345,1):
  参见“GLUT_VIDEO_RESIZE_Y”的前一个定义
  
D:\OpenGLTemplate\include\GL\freeglut_std.h(337,1): warning C4005: “GLUT_VIDEO_RESIZE_WIDTH”: 宏重定义
  (编译源文件“FirstOpenGLDemo.cpp”)
  D:\OpenGLTemplate\include\GL\glut.h(346,1):
  参见“GLUT_VIDEO_RESIZE_WIDTH”的前一个定义
  
D:\OpenGLTemplate\include\GL\freeglut_std.h(338,1): warning C4005: “GLUT_VIDEO_RESIZE_HEIGHT”: 宏重定义
  (编译源文件“FirstOpenGLDemo.cpp”)
  D:\OpenGLTemplate\include\GL\glut.h(347,1):
  参见“GLUT_VIDEO_RESIZE_HEIGHT”的前一个定义
  
D:\OpenGLTemplate\include\GL\freeglut_std.h(343,1): warning C4005: “GLUT_NORMAL”: 宏重定义
  (编译源文件“FirstOpenGLDemo.cpp”)
  D:\OpenGLTemplate\include\GL\glut.h(210,1):
  参见“GLUT_NORMAL”的前一个定义
  
D:\OpenGLTemplate\include\GL\freeglut_std.h(344,1): warning C4005: “GLUT_OVERLAY”: 宏重定义
  (编译源文件“FirstOpenGLDemo.cpp”)
  D:\OpenGLTemplate\include\GL\glut.h(211,1):
  参见“GLUT_OVERLAY”的前一个定义
  
D:\OpenGLTemplate\include\GL\freeglut_std.h(349,1): warning C4005: “GLUT_ACTIVE_SHIFT”: 宏重定义
  (编译源文件“FirstOpenGLDemo.cpp”)
  D:\OpenGLTemplate\include\GL\glut.h(355,1):
  参见“GLUT_ACTIVE_SHIFT”的前一个定义
  
D:\OpenGLTemplate\include\GL\freeglut_std.h(350,1): warning C4005: “GLUT_ACTIVE_CTRL”: 宏重定义
  (编译源文件“FirstOpenGLDemo.cpp”)
  D:\OpenGLTemplate\include\GL\glut.h(356,1):
  参见“GLUT_ACTIVE_CTRL”的前一个定义
  
D:\OpenGLTemplate\include\GL\freeglut_std.h(351,1): warning C4005: “GLUT_ACTIVE_ALT”: 宏重定义
  (编译源文件“FirstOpenGLDemo.cpp”)
  D:\OpenGLTemplate\include\GL\glut.h(357,1):
  参见“GLUT_ACTIVE_ALT”的前一个定义
  
D:\OpenGLTemplate\include\GL\freeglut_std.h(356,1): warning C4005: “GLUT_CURSOR_RIGHT_ARROW”: 宏重定义
  (编译源文件“FirstOpenGLDemo.cpp”)
  D:\OpenGLTemplate\include\GL\glut.h(361,1):
  参见“GLUT_CURSOR_RIGHT_ARROW”的前一个定义
  
D:\OpenGLTemplate\include\GL\freeglut_std.h(357,1): warning C4005: “GLUT_CURSOR_LEFT_ARROW”: 宏重定义
  (编译源文件“FirstOpenGLDemo.cpp”)
  D:\OpenGLTemplate\include\GL\glut.h(362,1):
  参见“GLUT_CURSOR_LEFT_ARROW”的前一个定义
  
D:\OpenGLTemplate\include\GL\freeglut_std.h(358,1): warning C4005: “GLUT_CURSOR_INFO”: 宏重定义
  (编译源文件“FirstOpenGLDemo.cpp”)
  D:\OpenGLTemplate\include\GL\glut.h(364,1):
  参见“GLUT_CURSOR_INFO”的前一个定义
  
D:\OpenGLTemplate\include\GL\freeglut_std.h(359,1): warning C4005: “GLUT_CURSOR_DESTROY”: 宏重定义
  (编译源文件“FirstOpenGLDemo.cpp”)
  D:\OpenGLTemplate\include\GL\glut.h(365,1):
  参见“GLUT_CURSOR_DESTROY”的前一个定义
  
D:\OpenGLTemplate\include\GL\freeglut_std.h(360,1): warning C4005: “GLUT_CURSOR_HELP”: 宏重定义
  (编译源文件“FirstOpenGLDemo.cpp”)
  D:\OpenGLTemplate\include\GL\glut.h(366,1):
  参见“GLUT_CURSOR_HELP”的前一个定义
  
D:\OpenGLTemplate\include\GL\freeglut_std.h(361,1): warning C4005: “GLUT_CURSOR_CYCLE”: 宏重定义
  (编译源文件“FirstOpenGLDemo.cpp”)
  D:\OpenGLTemplate\include\GL\glut.h(367,1):
  参见“GLUT_CURSOR_CYCLE”的前一个定义
  
D:\OpenGLTemplate\include\GL\freeglut_std.h(362,1): warning C4005: “GLUT_CURSOR_SPRAY”: 宏重定义
  (编译源文件“FirstOpenGLDemo.cpp”)
  D:\OpenGLTemplate\include\GL\glut.h(368,1):
  参见“GLUT_CURSOR_SPRAY”的前一个定义
  
D:\OpenGLTemplate\include\GL\freeglut_std.h(363,1): warning C4005: “GLUT_CURSOR_WAIT”: 宏重定义
  (编译源文件“FirstOpenGLDemo.cpp”)
  D:\OpenGLTemplate\include\GL\glut.h(369,1):
  参见“GLUT_CURSOR_WAIT”的前一个定义
  
D:\OpenGLTemplate\include\GL\freeglut_std.h(364,1): warning C4005: “GLUT_CURSOR_TEXT”: 宏重定义
  (编译源文件“FirstOpenGLDemo.cpp”)
  D:\OpenGLTemplate\include\GL\glut.h(370,1):
  参见“GLUT_CURSOR_TEXT”的前一个定义
  
D:\OpenGLTemplate\include\GL\freeglut_std.h(365,1): warning C4005: “GLUT_CURSOR_CROSSHAIR”: 宏重定义
  (编译源文件“FirstOpenGLDemo.cpp”)
  D:\OpenGLTemplate\include\GL\glut.h(371,1):
  参见“GLUT_CURSOR_CROSSHAIR”的前一个定义
  
D:\OpenGLTemplate\include\GL\freeglut_std.h(366,1): warning C4005: “GLUT_CURSOR_UP_DOWN”: 宏重定义
  (编译源文件“FirstOpenGLDemo.cpp”)
  D:\OpenGLTemplate\include\GL\glut.h(373,1):
  参见“GLUT_CURSOR_UP_DOWN”的前一个定义
  
D:\OpenGLTemplate\include\GL\freeglut_std.h(367,1): warning C4005: “GLUT_CURSOR_LEFT_RIGHT”: 宏重定义
  (编译源文件“FirstOpenGLDemo.cpp”)
  D:\OpenGLTemplate\include\GL\glut.h(374,1):
  参见“GLUT_CURSOR_LEFT_RIGHT”的前一个定义
  
D:\OpenGLTemplate\include\GL\freeglut_std.h(368,1): warning C4005: “GLUT_CURSOR_TOP_SIDE”: 宏重定义
  (编译源文件“FirstOpenGLDemo.cpp”)
  D:\OpenGLTemplate\include\GL\glut.h(376,1):
  参见“GLUT_CURSOR_TOP_SIDE”的前一个定义
  
D:\OpenGLTemplate\include\GL\freeglut_std.h(369,1): warning C4005: “GLUT_CURSOR_BOTTOM_SIDE”: 宏重定义
  (编译源文件“FirstOpenGLDemo.cpp”)
  D:\OpenGLTemplate\include\GL\glut.h(377,1):
  参见“GLUT_CURSOR_BOTTOM_SIDE”的前一个定义
  
D:\OpenGLTemplate\include\GL\freeglut_std.h(370,1): warning C4005: “GLUT_CURSOR_LEFT_SIDE”: 宏重定义
  (编译源文件“FirstOpenGLDemo.cpp”)
  D:\OpenGLTemplate\include\GL\glut.h(378,1):
  参见“GLUT_CURSOR_LEFT_SIDE”的前一个定义
  
D:\OpenGLTemplate\include\GL\freeglut_std.h(371,1): warning C4005: “GLUT_CURSOR_RIGHT_SIDE”: 宏重定义
  (编译源文件“FirstOpenGLDemo.cpp”)
  D:\OpenGLTemplate\include\GL\glut.h(379,1):
  参见“GLUT_CURSOR_RIGHT_SIDE”的前一个定义
  
D:\OpenGLTemplate\include\GL\freeglut_std.h(372,1): warning C4005: “GLUT_CURSOR_TOP_LEFT_CORNER”: 宏重定义
  (编译源文件“FirstOpenGLDemo.cpp”)
  D:\OpenGLTemplate\include\GL\glut.h(380,1):
  参见“GLUT_CURSOR_TOP_LEFT_CORNER”的前一个定义
  
D:\OpenGLTemplate\include\GL\freeglut_std.h(373,1): warning C4005: “GLUT_CURSOR_TOP_RIGHT_CORNER”: 宏重定义
  (编译源文件“FirstOpenGLDemo.cpp”)
  D:\OpenGLTemplate\include\GL\glut.h(381,1):
  参见“GLUT_CURSOR_TOP_RIGHT_CORNER”的前一个定义
  
D:\OpenGLTemplate\include\GL\freeglut_std.h(374,1): warning C4005: “GLUT_CURSOR_BOTTOM_RIGHT_CORNER”: 宏重定义
  (编译源文件“FirstOpenGLDemo.cpp”)
  D:\OpenGLTemplate\include\GL\glut.h(382,1):
  参见“GLUT_CURSOR_BOTTOM_RIGHT_CORNER”的前一个定义
  
D:\OpenGLTemplate\include\GL\freeglut_std.h(375,1): warning C4005: “GLUT_CURSOR_BOTTOM_LEFT_CORNER”: 宏重定义
  (编译源文件“FirstOpenGLDemo.cpp”)
  D:\OpenGLTemplate\include\GL\glut.h(383,1):
  参见“GLUT_CURSOR_BOTTOM_LEFT_CORNER”的前一个定义
  
D:\OpenGLTemplate\include\GL\freeglut_std.h(376,1): warning C4005: “GLUT_CURSOR_INHERIT”: 宏重定义
  (编译源文件“FirstOpenGLDemo.cpp”)
  D:\OpenGLTemplate\include\GL\glut.h(385,1):
  参见“GLUT_CURSOR_INHERIT”的前一个定义
  
D:\OpenGLTemplate\include\GL\freeglut_std.h(377,1): warning C4005: “GLUT_CURSOR_NONE”: 宏重定义
  (编译源文件“FirstOpenGLDemo.cpp”)
  D:\OpenGLTemplate\include\GL\glut.h(387,1):
  参见“GLUT_CURSOR_NONE”的前一个定义
  
D:\OpenGLTemplate\include\GL\freeglut_std.h(378,1): warning C4005: “GLUT_CURSOR_FULL_CROSSHAIR”: 宏重定义
  (编译源文件“FirstOpenGLDemo.cpp”)
  D:\OpenGLTemplate\include\GL\glut.h(389,1):
  参见“GLUT_CURSOR_FULL_CROSSHAIR”的前一个定义
  
D:\OpenGLTemplate\include\GL\freeglut_std.h(383,1): warning C4005: “GLUT_RED”: 宏重定义
  (编译源文件“FirstOpenGLDemo.cpp”)
  D:\OpenGLTemplate\include\GL\glut.h(205,1):
  参见“GLUT_RED”的前一个定义
  
D:\OpenGLTemplate\include\GL\freeglut_std.h(384,1): warning C4005: “GLUT_GREEN”: 宏重定义
  (编译源文件“FirstOpenGLDemo.cpp”)
  D:\OpenGLTemplate\include\GL\glut.h(206,1):
  参见“GLUT_GREEN”的前一个定义
  
D:\OpenGLTemplate\include\GL\freeglut_std.h(385,1): warning C4005: “GLUT_BLUE”: 宏重定义
  (编译源文件“FirstOpenGLDemo.cpp”)
  D:\OpenGLTemplate\include\GL\glut.h(207,1):
  参见“GLUT_BLUE”的前一个定义
  
D:\OpenGLTemplate\include\GL\freeglut_std.h(390,1): warning C4005: “GLUT_KEY_REPEAT_OFF”: 宏重定义
  (编译源文件“FirstOpenGLDemo.cpp”)
  D:\OpenGLTemplate\include\GL\glut.h(551,1):
  参见“GLUT_KEY_REPEAT_OFF”的前一个定义
  
D:\OpenGLTemplate\include\GL\freeglut_std.h(391,1): warning C4005: “GLUT_KEY_REPEAT_ON”: 宏重定义
  (编译源文件“FirstOpenGLDemo.cpp”)
  D:\OpenGLTemplate\include\GL\glut.h(552,1):
  参见“GLUT_KEY_REPEAT_ON”的前一个定义
  
D:\OpenGLTemplate\include\GL\freeglut_std.h(392,1): warning C4005: “GLUT_KEY_REPEAT_DEFAULT”: 宏重定义
  (编译源文件“FirstOpenGLDemo.cpp”)
  D:\OpenGLTemplate\include\GL\glut.h(553,1):
  参见“GLUT_KEY_REPEAT_DEFAULT”的前一个定义
  
D:\OpenGLTemplate\include\GL\freeglut_std.h(394,1): warning C4005: “GLUT_JOYSTICK_BUTTON_A”: 宏重定义
  (编译源文件“FirstOpenGLDemo.cpp”)
  D:\OpenGLTemplate\include\GL\glut.h(556,1):
  参见“GLUT_JOYSTICK_BUTTON_A”的前一个定义
  
D:\OpenGLTemplate\include\GL\freeglut_std.h(395,1): warning C4005: “GLUT_JOYSTICK_BUTTON_B”: 宏重定义
  (编译源文件“FirstOpenGLDemo.cpp”)
  D:\OpenGLTemplate\include\GL\glut.h(557,1):
  参见“GLUT_JOYSTICK_BUTTON_B”的前一个定义
  
D:\OpenGLTemplate\include\GL\freeglut_std.h(396,1): warning C4005: “GLUT_JOYSTICK_BUTTON_C”: 宏重定义
  (编译源文件“FirstOpenGLDemo.cpp”)
  D:\OpenGLTemplate\include\GL\glut.h(558,1):
  参见“GLUT_JOYSTICK_BUTTON_C”的前一个定义
  
D:\OpenGLTemplate\include\GL\freeglut_std.h(397,1): warning C4005: “GLUT_JOYSTICK_BUTTON_D”: 宏重定义
  (编译源文件“FirstOpenGLDemo.cpp”)
  D:\OpenGLTemplate\include\GL\glut.h(559,1):
  参见“GLUT_JOYSTICK_BUTTON_D”的前一个定义
  
D:\OpenGLTemplate\include\GL\freeglut_std.h(402,1): warning C4005: “GLUT_GAME_MODE_ACTIVE”: 宏重定义
  (编译源文件“FirstOpenGLDemo.cpp”)
  D:\OpenGLTemplate\include\GL\glut.h(567,1):
  参见“GLUT_GAME_MODE_ACTIVE”的前一个定义
  
D:\OpenGLTemplate\include\GL\freeglut_std.h(403,1): warning C4005: “GLUT_GAME_MODE_POSSIBLE”: 宏重定义
  (编译源文件“FirstOpenGLDemo.cpp”)
  D:\OpenGLTemplate\include\GL\glut.h(568,1):
  参见“GLUT_GAME_MODE_POSSIBLE”的前一个定义
  
D:\OpenGLTemplate\include\GL\freeglut_std.h(404,1): warning C4005: “GLUT_GAME_MODE_WIDTH”: 宏重定义
  (编译源文件“FirstOpenGLDemo.cpp”)
  D:\OpenGLTemplate\include\GL\glut.h(569,1):
  参见“GLUT_GAME_MODE_WIDTH”的前一个定义
  
D:\OpenGLTemplate\include\GL\freeglut_std.h(405,1): warning C4005: “GLUT_GAME_MODE_HEIGHT”: 宏重定义
  (编译源文件“FirstOpenGLDemo.cpp”)
  D:\OpenGLTemplate\include\GL\glut.h(570,1):
  参见“GLUT_GAME_MODE_HEIGHT”的前一个定义
  
D:\OpenGLTemplate\include\GL\freeglut_std.h(406,1): warning C4005: “GLUT_GAME_MODE_PIXEL_DEPTH”: 宏重定义
  (编译源文件“FirstOpenGLDemo.cpp”)
  D:\OpenGLTemplate\include\GL\glut.h(571,1):
  参见“GLUT_GAME_MODE_PIXEL_DEPTH”的前一个定义
  
D:\OpenGLTemplate\include\GL\freeglut_std.h(407,1): warning C4005: “GLUT_GAME_MODE_REFRESH_RATE”: 宏重定义
  (编译源文件“FirstOpenGLDemo.cpp”)
  D:\OpenGLTemplate\include\GL\glut.h(572,1):
  参见“GLUT_GAME_MODE_REFRESH_RATE”的前一个定义
  
D:\OpenGLTemplate\include\GL\freeglut_std.h(408,1): warning C4005: “GLUT_GAME_MODE_DISPLAY_CHANGED”: 宏重定义
  (编译源文件“FirstOpenGLDemo.cpp”)
  D:\OpenGLTemplate\include\GL\glut.h(573,1):
  参见“GLUT_GAME_MODE_DISPLAY_CHANGED”的前一个定义
  
D:\OpenGLTemplate\include\GL\freeglut_std.h(413,26): error C2375: “glutInit”: 重定义；不同的链接
  (编译源文件“FirstOpenGLDemo.cpp”)
  D:\OpenGLTemplate\include\GL\glut.h(393,22):
  参见“glutInit”的声明
  
D:\OpenGLTemplate\include\GL\freeglut_std.h(414,26): error C2375: “glutInitWindowPosition”: 重定义；不同的链接
  (编译源文件“FirstOpenGLDemo.cpp”)
  D:\OpenGLTemplate\include\GL\glut.h(398,22):
  参见“glutInitWindowPosition”的声明
  
D:\OpenGLTemplate\include\GL\freeglut_std.h(415,26): error C2375: “glutInitWindowSize”: 重定义；不同的链接
  (编译源文件“FirstOpenGLDemo.cpp”)
  D:\OpenGLTemplate\include\GL\glut.h(399,22):
  参见“glutInitWindowSize”的声明
  
D:\OpenGLTemplate\include\GL\freeglut_std.h(416,26): error C2375: “glutInitDisplayMode”: 重定义；不同的链接
  (编译源文件“FirstOpenGLDemo.cpp”)
  D:\OpenGLTemplate\include\GL\glut.h(394,22):
  参见“glutInitDisplayMode”的声明
  
D:\OpenGLTemplate\include\GL\freeglut_std.h(417,26): error C2375: “glutInitDisplayString”: 重定义；不同的链接
  (编译源文件“FirstOpenGLDemo.cpp”)
  D:\OpenGLTemplate\include\GL\glut.h(396,22):
  参见“glutInitDisplayString”的声明
  
D:\OpenGLTemplate\include\GL\freeglut_std.h(422,26): error C2375: “glutMainLoop”: 重定义；不同的链接
  (编译源文件“FirstOpenGLDemo.cpp”)
  D:\OpenGLTemplate\include\GL\glut.h(400,22):
  参见“glutMainLoop”的声明
  
D:\OpenGLTemplate\include\GL\freeglut_std.h(427,26): error C2375: “glutCreateWindow”: 重定义；不同的链接
  (编译源文件“FirstOpenGLDemo.cpp”)
  D:\OpenGLTemplate\include\GL\glut.h(403,21):
  参见“glutCreateWindow”的声明
  
D:\OpenGLTemplate\include\GL\freeglut_std.h(428,26): error C2375: “glutCreateSubWindow”: 重定义；不同的链接
  (编译源文件“FirstOpenGLDemo.cpp”)
  D:\OpenGLTemplate\include\GL\glut.h(404,21):
  参见“glutCreateSubWindow”的声明
  
D:\OpenGLTemplate\include\GL\freeglut_std.h(429,26): error C2375: “glutDestroyWindow”: 重定义；不同的链接
  (编译源文件“FirstOpenGLDemo.cpp”)
  D:\OpenGLTemplate\include\GL\glut.h(405,22):
  参见“glutDestroyWindow”的声明
  
D:\OpenGLTemplate\include\GL\freeglut_std.h(430,26): error C2375: “glutSetWindow”: 重定义；不同的链接
  (编译源文件“FirstOpenGLDemo.cpp”)
  D:\OpenGLTemplate\include\GL\glut.h(412,22):
  参见“glutSetWindow”的声明
  
D:\OpenGLTemplate\include\GL\freeglut_std.h(431,26): error C2375: “glutGetWindow”: 重定义；不同的链接
  (编译源文件“FirstOpenGLDemo.cpp”)
  D:\OpenGLTemplate\include\GL\glut.h(411,21):
  参见“glutGetWindow”的声明
  
D:\OpenGLTemplate\include\GL\freeglut_std.h(432,26): error C2375: “glutSetWindowTitle”: 重定义；不同的链接
  (编译源文件“FirstOpenGLDemo.cpp”)
  D:\OpenGLTemplate\include\GL\glut.h(413,22):
  参见“glutSetWindowTitle”的声明
  
D:\OpenGLTemplate\include\GL\freeglut_std.h(433,26): error C2375: “glutSetIconTitle”: 重定义；不同的链接
  (编译源文件“FirstOpenGLDemo.cpp”)
  D:\OpenGLTemplate\include\GL\glut.h(414,22):
  参见“glutSetIconTitle”的声明
  
D:\OpenGLTemplate\include\GL\freeglut_std.h(434,26): error C2375: “glutReshapeWindow”: 重定义；不同的链接
  (编译源文件“FirstOpenGLDemo.cpp”)
  D:\OpenGLTemplate\include\GL\glut.h(416,22):
  参见“glutReshapeWindow”的声明
  
D:\OpenGLTemplate\include\GL\freeglut_std.h(435,26): error C2375: “glutPositionWindow”: 重定义；不同的链接
  (编译源文件“FirstOpenGLDemo.cpp”)
  D:\OpenGLTemplate\include\GL\glut.h(415,22):
  参见“glutPositionWindow”的声明
  
D:\OpenGLTemplate\include\GL\freeglut_std.h(436,26): error C2375: “glutShowWindow”: 重定义；不同的链接
  (编译源文件“FirstOpenGLDemo.cpp”)
  D:\OpenGLTemplate\include\GL\glut.h(420,22):
  参见“glutShowWindow”的声明
  
D:\OpenGLTemplate\include\GL\freeglut_std.h(437,26): error C2375: “glutHideWindow”: 重定义；不同的链接
  (编译源文件“FirstOpenGLDemo.cpp”)
  D:\OpenGLTemplate\include\GL\glut.h(421,22):
  参见“glutHideWindow”的声明
  
D:\OpenGLTemplate\include\GL\freeglut_std.h(438,26): error C2375: “glutIconifyWindow”: 重定义；不同的链接
  (编译源文件“FirstOpenGLDemo.cpp”)
  D:\OpenGLTemplate\include\GL\glut.h(419,22):
  参见“glutIconifyWindow”的声明
  
D:\OpenGLTemplate\include\GL\freeglut_std.h(439,26): error C2375: “glutPushWindow”: 重定义；不同的链接
  (编译源文件“FirstOpenGLDemo.cpp”)
  D:\OpenGLTemplate\include\GL\glut.h(418,22):
  参见“glutPushWindow”的声明
  
D:\OpenGLTemplate\include\GL\freeglut_std.h(440,26): error C2375: “glutPopWindow”: 重定义；不同的链接
  (编译源文件“FirstOpenGLDemo.cpp”)
  D:\OpenGLTemplate\include\GL\glut.h(417,22):
  参见“glutPopWindow”的声明
  
D:\OpenGLTemplate\include\GL\freeglut_std.h(441,26): error C2375: “glutFullScreen”: 重定义；不同的链接
  (编译源文件“FirstOpenGLDemo.cpp”)
  D:\OpenGLTemplate\include\GL\glut.h(423,22):
  参见“glutFullScreen”的声明
  
D:\OpenGLTemplate\include\GL\freeglut_std.h(446,26): error C2375: “glutPostWindowRedisplay”: 重定义；不同的链接
  (编译源文件“FirstOpenGLDemo.cpp”)
  D:\OpenGLTemplate\include\GL\glut.h(408,22):
  参见“glutPostWindowRedisplay”的声明
  
D:\OpenGLTemplate\include\GL\freeglut_std.h(447,26): error C2375: “glutPostRedisplay”: 重定义；不同的链接
  (编译源文件“FirstOpenGLDemo.cpp”)
  D:\OpenGLTemplate\include\GL\glut.h(406,22):
  参见“glutPostRedisplay”的声明
  
D:\OpenGLTemplate\include\GL\freeglut_std.h(448,26): error C2375: “glutSwapBuffers”: 重定义；不同的链接
  (编译源文件“FirstOpenGLDemo.cpp”)
  D:\OpenGLTemplate\include\GL\glut.h(410,22):
  参见“glutSwapBuffers”的声明
  
D:\OpenGLTemplate\include\GL\freeglut_std.h(453,26): error C2375: “glutWarpPointer”: 重定义；不同的链接
  (编译源文件“FirstOpenGLDemo.cpp”)
  D:\OpenGLTemplate\include\GL\glut.h(426,22):
  参见“glutWarpPointer”的声明
  
D:\OpenGLTemplate\include\GL\freeglut_std.h(454,26): error C2375: “glutSetCursor”: 重定义；不同的链接
  (编译源文件“FirstOpenGLDemo.cpp”)
  D:\OpenGLTemplate\include\GL\glut.h(424,22):
  参见“glutSetCursor”的声明
  
D:\OpenGLTemplate\include\GL\freeglut_std.h(459,26): error C2375: “glutEstablishOverlay”: 重定义；不同的链接
  (编译源文件“FirstOpenGLDemo.cpp”)
  D:\OpenGLTemplate\include\GL\glut.h(430,22):
  参见“glutEstablishOverlay”的声明
  
D:\OpenGLTemplate\include\GL\freeglut_std.h(460,26): error C2375: “glutRemoveOverlay”: 重定义；不同的链接
  (编译源文件“FirstOpenGLDemo.cpp”)
  D:\OpenGLTemplate\include\GL\glut.h(431,22):
  参见“glutRemoveOverlay”的声明
  
D:\OpenGLTemplate\include\GL\freeglut_std.h(461,26): error C2375: “glutUseLayer”: 重定义；不同的链接
  (编译源文件“FirstOpenGLDemo.cpp”)
  D:\OpenGLTemplate\include\GL\glut.h(432,22):
  参见“glutUseLayer”的声明
  
D:\OpenGLTemplate\include\GL\freeglut_std.h(462,26): error C2375: “glutPostOverlayRedisplay”: 重定义；不同的链接
  (编译源文件“FirstOpenGLDemo.cpp”)
  D:\OpenGLTemplate\include\GL\glut.h(433,22):
  参见“glutPostOverlayRedisplay”的声明
  
D:\OpenGLTemplate\include\GL\freeglut_std.h(463,26): error C2375: “glutPostWindowOverlayRedisplay”: 重定义；不同的链接
  (编译源文件“FirstOpenGLDemo.cpp”)
  D:\OpenGLTemplate\include\GL\glut.h(435,22):
  参见“glutPostWindowOverlayRedisplay”的声明
  
D:\OpenGLTemplate\include\GL\freeglut_std.h(464,26): error C2375: “glutShowOverlay”: 重定义；不同的链接
  (编译源文件“FirstOpenGLDemo.cpp”)
  D:\OpenGLTemplate\include\GL\glut.h(437,22):
  参见“glutShowOverlay”的声明
  
D:\OpenGLTemplate\include\GL\freeglut_std.h(465,26): error C2375: “glutHideOverlay”: 重定义；不同的链接
  (编译源文件“FirstOpenGLDemo.cpp”)
  D:\OpenGLTemplate\include\GL\glut.h(438,22):
  参见“glutHideOverlay”的声明
  
D:\OpenGLTemplate\include\GL\freeglut_std.h(470,26): error C2375: “glutCreateMenu”: 重定义；不同的链接
  (编译源文件“FirstOpenGLDemo.cpp”)
  D:\OpenGLTemplate\include\GL\glut.h(442,21):
  参见“glutCreateMenu”的声明
  
D:\OpenGLTemplate\include\GL\freeglut_std.h(471,26): error C2375: “glutDestroyMenu”: 重定义；不同的链接
  (编译源文件“FirstOpenGLDemo.cpp”)
  D:\OpenGLTemplate\include\GL\glut.h(443,22):
  参见“glutDestroyMenu”的声明
  
D:\OpenGLTemplate\include\GL\freeglut_std.h(472,26): error C2375: “glutGetMenu”: 重定义；不同的链接
  (编译源文件“FirstOpenGLDemo.cpp”)
  D:\OpenGLTemplate\include\GL\glut.h(444,21):
  参见“glutGetMenu”的声明
  
D:\OpenGLTemplate\include\GL\freeglut_std.h(473,26): error C2375: “glutSetMenu”: 重定义；不同的链接
  (编译源文件“FirstOpenGLDemo.cpp”)
  D:\OpenGLTemplate\include\GL\glut.h(445,22):
  参见“glutSetMenu”的声明
  
D:\OpenGLTemplate\include\GL\freeglut_std.h(474,26): error C2375: “glutAddMenuEntry”: 重定义；不同的链接
  (编译源文件“FirstOpenGLDemo.cpp”)
  D:\OpenGLTemplate\include\GL\glut.h(446,22):
  参见“glutAddMenuEntry”的声明
  
D:\OpenGLTemplate\include\GL\freeglut_std.h(475,26): error C2375: “glutAddSubMenu”: 重定义；不同的链接
  (编译源文件“FirstOpenGLDemo.cpp”)
  D:\OpenGLTemplate\include\GL\glut.h(447,22):
  参见“glutAddSubMenu”的声明
  
D:\OpenGLTemplate\include\GL\freeglut_std.h(476,26): error C2375: “glutChangeToMenuEntry”: 重定义；不同的链接
  (编译源文件“FirstOpenGLDemo.cpp”)
  D:\OpenGLTemplate\include\GL\glut.h(448,22):
  参见“glutChangeToMenuEntry”的声明
  
D:\OpenGLTemplate\include\GL\freeglut_std.h(477,26): error C2375: “glutChangeToSubMenu”: 重定义；不同的链接
  (编译源文件“FirstOpenGLDemo.cpp”)
  D:\OpenGLTemplate\include\GL\glut.h(449,22):
  参见“glutChangeToSubMenu”的声明
  
D:\OpenGLTemplate\include\GL\freeglut_std.h(478,26): error C2375: “glutRemoveMenuItem”: 重定义；不同的链接
  (编译源文件“FirstOpenGLDemo.cpp”)
  D:\OpenGLTemplate\include\GL\glut.h(450,22):
  参见“glutRemoveMenuItem”的声明
  
D:\OpenGLTemplate\include\GL\freeglut_std.h(479,26): error C2375: “glutAttachMenu”: 重定义；不同的链接
  (编译源文件“FirstOpenGLDemo.cpp”)
  D:\OpenGLTemplate\include\GL\glut.h(451,22):
  参见“glutAttachMenu”的声明
  
D:\OpenGLTemplate\include\GL\freeglut_std.h(480,26): error C2375: “glutDetachMenu”: 重定义；不同的链接
  (编译源文件“FirstOpenGLDemo.cpp”)
  D:\OpenGLTemplate\include\GL\glut.h(452,22):
  参见“glutDetachMenu”的声明
  
D:\OpenGLTemplate\include\GL\freeglut_std.h(485,26): error C2375: “glutTimerFunc”: 重定义；不同的链接
  (编译源文件“FirstOpenGLDemo.cpp”)
  D:\OpenGLTemplate\include\GL\glut.h(464,22):
  参见“glutTimerFunc”的声明
  
D:\OpenGLTemplate\include\GL\freeglut_std.h(486,26): error C2375: “glutIdleFunc”: 重定义；不同的链接
  (编译源文件“FirstOpenGLDemo.cpp”)
  D:\OpenGLTemplate\include\GL\glut.h(463,22):
  参见“glutIdleFunc”的声明
  
D:\OpenGLTemplate\include\GL\freeglut_std.h(491,26): error C2375: “glutKeyboardFunc”: 重定义；不同的链接
  (编译源文件“FirstOpenGLDemo.cpp”)
  D:\OpenGLTemplate\include\GL\glut.h(457,22):
  参见“glutKeyboardFunc”的声明
  
D:\OpenGLTemplate\include\GL\freeglut_std.h(492,26): error C2375: “glutSpecialFunc”: 重定义；不同的链接
  (编译源文件“FirstOpenGLDemo.cpp”)
  D:\OpenGLTemplate\include\GL\glut.h(467,22):
  参见“glutSpecialFunc”的声明
  
D:\OpenGLTemplate\include\GL\freeglut_std.h(493,26): error C2375: “glutReshapeFunc”: 重定义；不同的链接
  (编译源文件“FirstOpenGLDemo.cpp”)
  D:\OpenGLTemplate\include\GL\glut.h(456,22):
  参见“glutReshapeFunc”的声明
  
D:\OpenGLTemplate\include\GL\freeglut_std.h(494,26): error C2375: “glutVisibilityFunc”: 重定义；不同的链接
  (编译源文件“FirstOpenGLDemo.cpp”)
  D:\OpenGLTemplate\include\GL\glut.h(462,22):
  参见“glutVisibilityFunc”的声明
  
D:\OpenGLTemplate\include\GL\freeglut_std.h(495,26): error C2375: “glutDisplayFunc”: 重定义；不同的链接
  (编译源文件“FirstOpenGLDemo.cpp”)
  D:\OpenGLTemplate\include\GL\glut.h(455,22):
  参见“glutDisplayFunc”的声明
  
D:\OpenGLTemplate\include\GL\freeglut_std.h(496,26): error C2375: “glutMouseFunc”: 重定义；不同的链接
  (编译源文件“FirstOpenGLDemo.cpp”)
  D:\OpenGLTemplate\include\GL\glut.h(458,22):
  参见“glutMouseFunc”的声明
  
D:\OpenGLTemplate\include\GL\freeglut_std.h(497,26): error C2375: “glutMotionFunc”: 重定义；不同的链接
  (编译源文件“FirstOpenGLDemo.cpp”)
  D:\OpenGLTemplate\include\GL\glut.h(459,22):
  参见“glutMotionFunc”的声明
  
D:\OpenGLTemplate\include\GL\freeglut_std.h(498,26): error C2375: “glutPassiveMotionFunc”: 重定义；不同的链接
  (编译源文件“FirstOpenGLDemo.cpp”)
  D:\OpenGLTemplate\include\GL\glut.h(460,22):
  参见“glutPassiveMotionFunc”的声明
  
D:\OpenGLTemplate\include\GL\freeglut_std.h(499,26): error C2375: “glutEntryFunc”: 重定义；不同的链接
  (编译源文件“FirstOpenGLDemo.cpp”)
  D:\OpenGLTemplate\include\GL\glut.h(461,22):
  参见“glutEntryFunc”的声明
  
D:\OpenGLTemplate\include\GL\freeglut_std.h(501,26): error C2375: “glutKeyboardUpFunc”: 重定义；不同的链接
  (编译源文件“FirstOpenGLDemo.cpp”)
  D:\OpenGLTemplate\include\GL\glut.h(482,22):
  参见“glutKeyboardUpFunc”的声明
  
D:\OpenGLTemplate\include\GL\freeglut_std.h(502,26): error C2375: “glutSpecialUpFunc”: 重定义；不同的链接
  (编译源文件“FirstOpenGLDemo.cpp”)
  D:\OpenGLTemplate\include\GL\glut.h(483,22):
  参见“glutSpecialUpFunc”的声明
  
D:\OpenGLTemplate\include\GL\freeglut_std.h(503,26): error C2375: “glutJoystickFunc”: 重定义；不同的链接
  (编译源文件“FirstOpenGLDemo.cpp”)
  D:\OpenGLTemplate\include\GL\glut.h(484,22):
  参见“glutJoystickFunc”的声明
  
D:\OpenGLTemplate\include\GL\freeglut_std.h(504,26): error C2375: “glutMenuStateFunc”: 重定义；不同的链接
  (编译源文件“FirstOpenGLDemo.cpp”)
  D:\OpenGLTemplate\include\GL\glut.h(465,22):
  参见“glutMenuStateFunc”的声明
  
D:\OpenGLTemplate\include\GL\freeglut_std.h(505,26): error C2375: “glutMenuStatusFunc”: 重定义；不同的链接
  (编译源文件“FirstOpenGLDemo.cpp”)
  D:\OpenGLTemplate\include\GL\glut.h(476,22):
  参见“glutMenuStatusFunc”的声明
  
D:\OpenGLTemplate\include\GL\freeglut_std.h(506,26): error C2375: “glutOverlayDisplayFunc”: 重定义；不同的链接
  (编译源文件“FirstOpenGLDemo.cpp”)
  D:\OpenGLTemplate\include\GL\glut.h(477,22):
  参见“glutOverlayDisplayFunc”的声明
  
D:\OpenGLTemplate\include\GL\freeglut_std.h(507,26): error C2375: “glutWindowStatusFunc”: 重定义；不同的链接
  (编译源文件“FirstOpenGLDemo.cpp”)
  D:\OpenGLTemplate\include\GL\glut.h(479,22):
  参见“glutWindowStatusFunc”的声明
  
D:\OpenGLTemplate\include\GL\freeglut_std.h(509,26): error C2375: “glutSpaceballMotionFunc”: 重定义；不同的链接
  (编译源文件“FirstOpenGLDemo.cpp”)
  D:\OpenGLTemplate\include\GL\glut.h(468,22):
  参见“glutSpaceballMotionFunc”的声明
  
D:\OpenGLTemplate\include\GL\freeglut_std.h(510,26): error C2375: “glutSpaceballRotateFunc”: 重定义；不同的链接
  (编译源文件“FirstOpenGLDemo.cpp”)
  D:\OpenGLTemplate\include\GL\glut.h(469,22):
  参见“glutSpaceballRotateFunc”的声明
  
D:\OpenGLTemplate\include\GL\freeglut_std.h(511,26): error C2375: “glutSpaceballButtonFunc”: 重定义；不同的链接
  (编译源文件“FirstOpenGLDemo.cpp”)
  D:\OpenGLTemplate\include\GL\glut.h(470,22):
  参见“glutSpaceballButtonFunc”的声明
  
D:\OpenGLTemplate\include\GL\freeglut_std.h(512,26): error C2375: “glutButtonBoxFunc”: 重定义；不同的链接
  (编译源文件“FirstOpenGLDemo.cpp”)
  D:\OpenGLTemplate\include\GL\glut.h(471,22):
  参见“glutButtonBoxFunc”的声明
  
D:\OpenGLTemplate\include\GL\freeglut_std.h(513,26): error C2375: “glutDialsFunc”: 重定义；不同的链接
  (编译源文件“FirstOpenGLDemo.cpp”)
  D:\OpenGLTemplate\include\GL\glut.h(472,22):
  参见“glutDialsFunc”的声明
  
D:\OpenGLTemplate\include\GL\freeglut_std.h(514,26): error C2375: “glutTabletMotionFunc”: 重定义；不同的链接
  (编译源文件“FirstOpenGLDemo.cpp”)
  D:\OpenGLTemplate\include\GL\glut.h(473,22):
  参见“glutTabletMotionFunc”的声明
  
D:\OpenGLTemplate\include\GL\freeglut_std.h(515,26): error C2375: “glutTabletButtonFunc”: 重定义；不同的链接
  (编译源文件“FirstOpenGLDemo.cpp”)
  D:\OpenGLTemplate\include\GL\glut.h(474,22):
  参见“glutTabletButtonFunc”的声明
  
D:\OpenGLTemplate\include\GL\freeglut_std.h(520,26): error C2375: “glutGet”: 重定义；不同的链接
  (编译源文件“FirstOpenGLDemo.cpp”)
  D:\OpenGLTemplate\include\GL\glut.h(495,21):
  参见“glutGet”的声明
  
D:\OpenGLTemplate\include\GL\freeglut_std.h(521,26): error C2375: “glutDeviceGet”: 重定义；不同的链接
  (编译源文件“FirstOpenGLDemo.cpp”)
  D:\OpenGLTemplate\include\GL\glut.h(496,21):
  参见“glutDeviceGet”的声明
  
D:\OpenGLTemplate\include\GL\freeglut_std.h(522,26): error C2375: “glutGetModifiers”: 重定义；不同的链接
  (编译源文件“FirstOpenGLDemo.cpp”)
  D:\OpenGLTemplate\include\GL\glut.h(502,21):
  参见“glutGetModifiers”的声明
  
D:\OpenGLTemplate\include\GL\freeglut_std.h(523,26): error C2375: “glutLayerGet”: 重定义；不同的链接
  (编译源文件“FirstOpenGLDemo.cpp”)
  D:\OpenGLTemplate\include\GL\glut.h(503,21):
  参见“glutLayerGet”的声明
  
D:\OpenGLTemplate\include\GL\freeglut_std.h(528,26): error C2375: “glutBitmapCharacter”: 重定义；不同的链接
  (编译源文件“FirstOpenGLDemo.cpp”)
  D:\OpenGLTemplate\include\GL\glut.h(507,22):
  参见“glutBitmapCharacter”的声明
  
D:\OpenGLTemplate\include\GL\freeglut_std.h(529,26): error C2375: “glutBitmapWidth”: 重定义；不同的链接
  (编译源文件“FirstOpenGLDemo.cpp”)
  D:\OpenGLTemplate\include\GL\glut.h(508,21):
  参见“glutBitmapWidth”的声明
  
D:\OpenGLTemplate\include\GL\freeglut_std.h(530,26): error C2375: “glutStrokeCharacter”: 重定义；不同的链接
  (编译源文件“FirstOpenGLDemo.cpp”)
  D:\OpenGLTemplate\include\GL\glut.h(509,22):
  参见“glutStrokeCharacter”的声明
  
D:\OpenGLTemplate\include\GL\freeglut_std.h(531,26): error C2375: “glutStrokeWidth”: 重定义；不同的链接
  (编译源文件“FirstOpenGLDemo.cpp”)
  D:\OpenGLTemplate\include\GL\glut.h(510,21):
  参见“glutStrokeWidth”的声明
  
D:\OpenGLTemplate\include\GL\freeglut_std.h(533,26): error C2375: “glutBitmapLength”: 重定义；不同的链接
  (编译源文件“FirstOpenGLDemo.cpp”)
  D:\OpenGLTemplate\include\GL\glut.h(512,21):
  参见“glutBitmapLength”的声明
  
D:\OpenGLTemplate\include\GL\freeglut_std.h(534,26): error C2375: “glutStrokeLength”: 重定义；不同的链接
  (编译源文件“FirstOpenGLDemo.cpp”)
  D:\OpenGLTemplate\include\GL\glut.h(513,21):
  参见“glutStrokeLength”的声明
  
D:\OpenGLTemplate\include\GL\freeglut_std.h(541,26): error C2375: “glutWireCube”: 重定义；不同的链接
  (编译源文件“FirstOpenGLDemo.cpp”)
  D:\OpenGLTemplate\include\GL\glut.h(521,22):
  参见“glutWireCube”的声明
  
D:\OpenGLTemplate\include\GL\freeglut_std.h(542,26): error C2375: “glutSolidCube”: 重定义；不同的链接
  (编译源文件“FirstOpenGLDemo.cpp”)
  D:\OpenGLTemplate\include\GL\glut.h(522,22):
  参见“glutSolidCube”的声明
  
D:\OpenGLTemplate\include\GL\freeglut_std.h(543,26): error C2375: “glutWireSphere”: 重定义；不同的链接
  (编译源文件“FirstOpenGLDemo.cpp”)
  D:\OpenGLTemplate\include\GL\glut.h(517,22):
  参见“glutWireSphere”的声明
  
D:\OpenGLTemplate\include\GL\freeglut_std.h(544,26): error C2375: “glutSolidSphere”: 重定义；不同的链接
  (编译源文件“FirstOpenGLDemo.cpp”)
  D:\OpenGLTemplate\include\GL\glut.h(518,22):
  参见“glutSolidSphere”的声明
  
D:\OpenGLTemplate\include\GL\freeglut_std.h(545,26): error C2375: “glutWireCone”: 重定义；不同的链接
  (编译源文件“FirstOpenGLDemo.cpp”)
  D:\OpenGLTemplate\include\GL\glut.h(519,22):
  参见“glutWireCone”的声明
  
D:\OpenGLTemplate\include\GL\freeglut_std.h(546,26): error C2375: “glutSolidCone”: 重定义；不同的链接
  (编译源文件“FirstOpenGLDemo.cpp”)
  D:\OpenGLTemplate\include\GL\glut.h(520,22):
  参见“glutSolidCone”的声明
  
D:\OpenGLTemplate\include\GL\freeglut_std.h(547,26): error C2375: “glutWireTorus”: 重定义；不同的链接
  (编译源文件“FirstOpenGLDemo.cpp”)
  D:\OpenGLTemplate\include\GL\glut.h(523,22):
  参见“glutWireTorus”的声明
  
D:\OpenGLTemplate\include\GL\freeglut_std.h(548,26): error C2375: “glutSolidTorus”: 重定义；不同的链接
  (编译源文件“FirstOpenGLDemo.cpp”)
  D:\OpenGLTemplate\include\GL\glut.h(524,22):
  参见“glutSolidTorus”的声明
  
D:\OpenGLTemplate\include\GL\freeglut_std.h(549,26): error C2375: “glutWireDodecahedron”: 重定义；不同的链接
  (编译源文件“FirstOpenGLDemo.cpp”)
  D:\OpenGLTemplate\include\GL\glut.h(525,22):
  参见“glutWireDodecahedron”的声明
  
D:\OpenGLTemplate\include\GL\freeglut_std.h(550,26): error C2375: “glutSolidDodecahedron”: 重定义；不同的链接
  (编译源文件“FirstOpenGLDemo.cpp”)
  D:\OpenGLTemplate\include\GL\glut.h(526,22):
  参见“glutSolidDodecahedron”的声明
  
D:\OpenGLTemplate\include\GL\freeglut_std.h(551,26): error C2375: “glutWireOctahedron”: 重定义；不同的链接
  (编译源文件“FirstOpenGLDemo.cpp”)
  D:\OpenGLTemplate\include\GL\glut.h(529,22):
  参见“glutWireOctahedron”的声明
  
D:\OpenGLTemplate\include\GL\freeglut_std.h(552,26): error C2375: “glutSolidOctahedron”: 重定义；不同的链接
  (编译源文件“FirstOpenGLDemo.cpp”)
  D:\OpenGLTemplate\include\GL\glut.h(530,22):
  参见“glutSolidOctahedron”的声明
  
D:\OpenGLTemplate\include\GL\freeglut_std.h(553,26): error C2375: “glutWireTetrahedron”: 重定义；不同的链接
  (编译源文件“FirstOpenGLDemo.cpp”)
  D:\OpenGLTemplate\include\GL\glut.h(531,22):
  参见“glutWireTetrahedron”的声明
  
D:\OpenGLTemplate\include\GL\freeglut_std.h(554,26): error C2375: “glutSolidTetrahedron”: 重定义；不同的链接
  (编译源文件“FirstOpenGLDemo.cpp”)
  D:\OpenGLTemplate\include\GL\glut.h(532,22):
  参见“glutSolidTetrahedron”的声明
  
D:\OpenGLTemplate\include\GL\freeglut_std.h(555,26): error C2375: “glutWireIcosahedron”: 重定义；不同的链接
  (编译源文件“FirstOpenGLDemo.cpp”)
  D:\OpenGLTemplate\include\GL\glut.h(533,22):
  参见“glutWireIcosahedron”的声明
  
D:\OpenGLTemplate\include\GL\freeglut_std.h(556,26): error C2375: “glutSolidIcosahedron”: 重定义；不同的链接
  (编译源文件“FirstOpenGLDemo.cpp”)
  D:\OpenGLTemplate\include\GL\glut.h(534,22):
  参见“glutSolidIcosahedron”的声明
  
D:\OpenGLTemplate\include\GL\freeglut_std.h(562,26): error C2375: “glutWireTeapot”: 重定义；不同的链接
  (编译源文件“FirstOpenGLDemo.cpp”)
  D:\OpenGLTemplate\include\GL\glut.h(527,22):
  参见“glutWireTeapot”的声明
  
D:\OpenGLTemplate\include\GL\freeglut_std.h(563,26): error C2375: “glutSolidTeapot”: 重定义；不同的链接
  (编译源文件“FirstOpenGLDemo.cpp”)
  D:\OpenGLTemplate\include\GL\glut.h(528,22):
  参见“glutSolidTeapot”的声明
  
D:\OpenGLTemplate\include\GL\freeglut_std.h(568,26): error C2375: “glutGameModeString”: 重定义；不同的链接
  (编译源文件“FirstOpenGLDemo.cpp”)
  D:\OpenGLTemplate\include\GL\glut.h(575,22):
  参见“glutGameModeString”的声明
  
D:\OpenGLTemplate\include\GL\freeglut_std.h(569,26): error C2375: “glutEnterGameMode”: 重定义；不同的链接
  (编译源文件“FirstOpenGLDemo.cpp”)
  D:\OpenGLTemplate\include\GL\glut.h(576,21):
  参见“glutEnterGameMode”的声明
  
D:\OpenGLTemplate\include\GL\freeglut_std.h(570,26): error C2375: “glutLeaveGameMode”: 重定义；不同的链接
  (编译源文件“FirstOpenGLDemo.cpp”)
  D:\OpenGLTemplate\include\GL\glut.h(577,22):
  参见“glutLeaveGameMode”的声明
  
D:\OpenGLTemplate\include\GL\freeglut_std.h(571,26): error C2375: “glutGameModeGet”: 重定义；不同的链接
  (编译源文件“FirstOpenGLDemo.cpp”)
  D:\OpenGLTemplate\include\GL\glut.h(578,21):
  参见“glutGameModeGet”的声明
  
D:\OpenGLTemplate\include\GL\freeglut_std.h(571,26): error C1003: 错误计数超过 100；正在停止编译
  (编译源文件“FirstOpenGLDemo.cpp”)
  
