d:\grad_student_lyy\opengl\x64\debug\vc143.pdb
d:\grad_student_lyy\opengl\x64\debug\vc143.idb
d:\grad_student_lyy\opengl\x64\debug\glad.obj
d:\grad_student_lyy\opengl\x64\debug\stb_image_wrap.obj
d:\grad_student_lyy\opengl\x64\debug\main.obj
d:\grad_student_lyy\opengl\x64\debug\assignment3.ilk
d:\grad_student_lyy\opengl\x64\debug\assignment3.exe
d:\grad_student_lyy\opengl\x64\debug\assignment3.pdb
d:\grad_student_lyy\opengl\x64\debug\opengl.obj
d:\grad_student_lyy\opengl\x64\debug\shader_s.obj
d:\grad_student_lyy\opengl\x64\debug\opengl.ilk
d:\grad_student_lyy\opengl\x64\debug\vc142.idb
d:\grad_student_lyy\opengl\x64\debug\opengl.pdb
d:\grad_student_lyy\opengl\x64\debug\vc142.pdb
d:\grad_student_lyy\opengl\x64\debug\assignment3.tlog\cl.command.1.tlog
d:\grad_student_lyy\opengl\x64\debug\assignment3.tlog\cl.read.1.tlog
d:\grad_student_lyy\opengl\x64\debug\assignment3.tlog\cl.write.1.tlog
d:\grad_student_lyy\opengl\x64\debug\assignment3.tlog\link.command.1.tlog
d:\grad_student_lyy\opengl\x64\debug\assignment3.tlog\link.read.1.tlog
d:\grad_student_lyy\opengl\x64\debug\assignment3.tlog\link.write.1.tlog
